D:\Python_Final_Project_Bita_Saeed.py: 2024-09-23-03-17-PM 
D:\Python_Final_Project_Bita_Saeed.py: 2024-09-23 03P;18PM 
D:\Python_Final_Project_Bita_Saeed.py: 2024/09/23--03P:19PM 
D:\Python_Final_Project_Bita_Saeed.py: 2024/09/23--03:20PM 
D:\Python_Final_Project_Bita_Saeed.py: 23/09/2024-03:24-PM 
D:\Python_Final_Project_Bita_Saeed.py: 23/09/202403:25-PM 
D:\Python_Final_Project_Bita_Saeed.py: 23/09/2024--03:25-PM 
D:\Python_Final_Project_Bita_Saeed.py: 23/09/2024--03:27-PM 
D:\Python_Final_Project_Bita_Saeed.py: 23/09/2024--03:29-PM 
D:\Python_Final_Project_Bita_Saeed.py: 23/09/2024--03:30-PM 
D:\Python_Final_Project_Bita_Saeed.py: 23/09/2024--03:44-PM 
D:\Python_Final_Project_Bita_Saeed.py: 23/09/2024--03:44-PM 
D:\Python_Final_Project_Bita_Saeed.py: 23/09/2024--03:45-PM 
D:\Python_Final_Project_Bita_Saeed.py: 23/09/2024--03:46-PM 
D:\Python_Final_Project_Bita_Saeed.py: 23/09/2024--03:48-PM 
D:\Python_Final_Project_Bita_Saeed.py: 23/09/2024--03:50-PM 
D:\test.py: 23/09/2024--03:58-PM
D:\test.py: 23/09/2024--03:58-PM
D:\test.py: 23/09/2024--03:59-PM
D:\test.py: 23/09/2024--03:59-PM
test.py ls: 23/09/2024--04:13-PM
D:\Python_Final_Project_Bita_Saeed.py: 23/09/2024--04:17-PM 
Python_Final_Project_Bita_Saeed.py --ls: 23/09/2024--04:18-PM 
D:\Python_Final_Project_Bita_Saeed.py: 23/09/2024--05:03-PM 
Python_Final_Project_Bita_Saeed.py --ls: 23/09/2024--05:04-PM 
Python_Final_Project_Bita_Saeed.py --ls: 23/09/2024--05:08-PM 
Python_Final_Project_Bita_Saeed.py --ls: 23/09/2024--05:56-PM 
D:\Python_Final_Project_Bita_Saeed.py: 23/09/2024--06:11-PM 
Python_Final_Project_Bita_Saeed.py --ls D:\: 23/09/2024--06:11-PM 
D:\Python_Final_Project_Bita_Saeed.py: 23/09/2024--06:12-PM 
Python_Final_Project_Bita_Saeed.py --ls D:\: 23/09/2024--06:12-PM 
Python_Final_Project_Bita_Saeed.py --ls D:\: 23/09/2024--06:14-PM 
D:\Python_Final_Project_Bita_Saeed.py: 23/09/2024--06:26-PM 
Python_Final_Project_Bita_Saeed.py --ls D:\: 23/09/2024--06:26-PM 
D:\Python_Final_Project_Bita_Saeed.py: 23/09/2024--06:28-PM 
Python_Final_Project_Bita_Saeed.py --ls D:\: 23/09/2024--06:28-PM 
D:\Python_Final_Project_Bita_Saeed.py: 23/09/2024--06:37-PM 
Python_Final_Project_Bita_Saeed.py --ls D:\: 23/09/2024--06:37-PM 
Python_Final_Project_Bita_Saeed.py --ls D:\: 24/09/2024--12:47-AM 
Python_Final_Project_Bita_Saeed.py --ls D:\dfkl: 24/09/2024--12:47-AM 
D:\Python_Final_Project_Bita_Saeed.py: 24/09/2024--12:48-AM 
Python_Final_Project_Bita_Saeed.py --ls D:\bfd: 24/09/2024--12:48-AM 
D:\Python_Final_Project_Bita_Saeed.py: 24/09/2024--01:20-AM 
D:\Python_Final_Project_Bita_Saeed.py: 24/09/2024--01:21-AM 
Python_Final_Project_Bita_Saeed.py --mkdir D:\: 24/09/2024--01:41-AM 
D:\Python_Final_Project_Bita_Saeed.py: 24/09/2024--01:41-AM 
Python_Final_Project_Bita_Saeed.py --mkdir D:\: 24/09/2024--01:41-AM 
D:\Python_Final_Project_Bita_Saeed.py: 24/09/2024--01:44-AM 
Python_Final_Project_Bita_Saeed.py --mkdir D:\: 24/09/2024--01:44-AM 
Python_Final_Project_Bita_Saeed.py --mkdir D:\hgh: 24/09/2024--01:45-AM 
Python_Final_Project_Bita_Saeed.py --mkdir D:\hgh\beep: 24/09/2024--01:46-AM 
Python_Final_Project_Bita_Saeed.py --show-logs: 24/09/2024--01:46-AM 
D:\Python_Final_Project_Bita_Saeed.py: 24/09/2024--01:54-AM 
D:\Python_Final_Project_Bita_Saeed.py: 24/09/2024--02:01-AM 
D:\Python_Final_Project_Bita_Saeed.py: 24/09/2024--02:09-AM 
D:\Python_Final_Project_Bita_Saeed.py: 24/09/2024--02:09-AM 
D:\Python_Final_Project_Bita_Saeed.py: 24/09/2024--02:12-AM 
D:\Python_Final_Project_Bita_Saeed.py: 24/09/2024--02:20-AM 
D:\Python_Final_Project_Bita_Saeed.py: 24/09/2024--02:21-AM 
D:\Python_Final_Project_Bita_Saeed.py: 24/09/2024--02:51-PM 
D:\Python_Final_Project_Bita_Saeed.py: 24/09/2024--04:49-PM 
D:\Python_Final_Project_Bita_Saeed.py: 24/09/2024--04:58-PM 
D:\Python_Final_Project_Bita_Saeed.py: 24/09/2024--05:55-PM 
Python_Final_Project_Bita_Saeed.py --cp D:\hgh D:\: 24/09/2024--06:05-PM 
Python_Final_Project_Bita_Saeed.py --cp D:\hgh D:\tmrin.PYTHON: 24/09/2024--06:09-PM 
Python_Final_Project_Bita_Saeed.py --show-logs: 24/09/2024--06:10-PM 
D:\Python_Final_Project_Bita_Saeed.py: 24/09/2024--06:15-PM 
Python_Final_Project_Bita_Saeed.py --show-logs: 24/09/2024--06:16-PM 
Python_Final_Project_Bita_Saeed.py --mkdir D:\hgh: 24/09/2024--06:16-PM 
Python_Final_Project_Bita_Saeed.py --show-logs: 24/09/2024--06:17-PM 
D:\Python_Final_Project_Bita_Saeed.py: 24/09/2024--06:22-PM 
D:\Python_Final_Project_Bita_Saeed.py: 24/09/2024--06:44-PM 
Python_Final_Project_Bita_Saeed.py --show-logs: 24/09/2024--06:45-PM 
D:\Python_Final_Project_Bita_Saeed.py: 24/09/2024--06:45-PM 
D:\Python_Final_Project_Bita_Saeed.py: 24/09/2024--06:45-PM 
D:\Python_Final_Project_Bita_Saeed.py: 24/09/2024--06:45-PM 
D:\Python_Final_Project_Bita_Saeed.py: 25/09/2024--09:22-PM 
D:\Python_Final_Project_Bita_Saeed.py: 25/09/2024--09:42-PM 
python_Final_Project_Bita_Saeed.py --show-logs: 25/09/2024--10:10-PM 
D:\Python_Final_Project_Bita_Saeed.py: 26/09/2024--12:53-PM 
D:\Python_Final_Project_Bita_Saeed.py: 26/09/2024--01:45-PM | outcome : No Command Provided 
Python_Final_Project_Bita_Saeed.py --mkdir D:\jfj: 26/09/2024--01:46-PM | outcome : Directory Created 
Python_Final_Project_Bita_Saeed.py --show-logs: 26/09/2024--01:47-PM | outcome : displayed command logs 
D:\Python_Final_Project_Bita_Saeed.py: 26/09/2024--01:49-PM | outcome : No Command Provided 
D:\Python_Final_Project_Bita_Saeed.py: 26/09/2024--01:50-PM | outcome : No Command Provided 
